<?xml version="1.0" encoding="UTF-8"?>
<testsuite name="com.ssafy.kubetest.KubetestApplicationTests" tests="1" skipped="0" failures="0" errors="0" timestamp="2024-11-04T04:46:49" hostname="DESKTOP-6ABJ64L" time="0.589">
  <properties/>
  <testcase name="contextLoads()" classname="com.ssafy.kubetest.KubetestApplicationTests" time="0.589"/>
  <system-out><![CDATA[13:46:48.752 [Test worker] INFO org.springframework.test.context.support.AnnotationConfigContextLoaderUtils -- Could not detect default configuration classes for test class [com.ssafy.kubetest.KubetestApplicationTests]: KubetestApplicationTests does not declare any static, non-private, non-final, nested classes annotated with @Configuration.
13:46:48.819 [Test worker] INFO org.springframework.boot.test.context.SpringBootTestContextBootstrapper -- Found @SpringBootConfiguration com.ssafy.kubetest.KubetestApplication for test class com.ssafy.kubetest.KubetestApplicationTests

  .   ____          _            __ _ _
 /\\ / ___'_ __ _ _(_)_ __  __ _ \ \ \ \
( ( )\___ | '_ | '_| | '_ \/ _` | \ \ \ \
 \\/  ___)| |_)| | | | | || (_| |  ) ) ) )
  '  |____| .__|_| |_|_| |_\__, | / / / /
 =========|_|==============|___/=/_/_/_/

 :: Spring Boot ::                (v3.3.5)

2024-11-04T13:46:49.073+09:00  INFO 24024 --- [kubetest] [    Test worker] c.s.kubetest.KubetestApplicationTests    : Starting KubetestApplicationTests using Java 17.0.11 with PID 24024 (started by SSAFY in C:\minju\SSAFY_free\kubetest)
2024-11-04T13:46:49.074+09:00  INFO 24024 --- [kubetest] [    Test worker] c.s.kubetest.KubetestApplicationTests    : No active profile set, falling back to 1 default profile: "default"
2024-11-04T13:46:49.681+09:00  INFO 24024 --- [kubetest] [    Test worker] c.s.kubetest.KubetestApplicationTests    : Started KubetestApplicationTests in 0.766 seconds (process running for 1.556)
]]></system-out>
  <system-err><![CDATA[]]></system-err>
</testsuite>
